30-Mar-23 23:33:52 - INFO - Starting
30-Mar-23 23:33:53 - INFO - Got weather for 44.826248, -93.303864 => 200
30-Mar-23 23:33:59 - INFO - Sent email to russ.eby@live.com
30-Mar-23 23:33:59 - INFO - Finished
01-Apr-23 07:06:59 - INFO - Starting
01-Apr-23 07:07:00 - INFO - Got weather for 44.826248, -93.303864 => 200
01-Apr-23 07:07:02 - INFO - Sent email to russ.eby@live.com
01-Apr-23 07:07:02 - INFO - Finished
02-Apr-23 07:06:56 - INFO - Starting
02-Apr-23 07:06:56 - INFO - Got weather for 44.826248, -93.303864 => 200
02-Apr-23 07:06:58 - INFO - Sent email to russ.eby@live.com
02-Apr-23 07:06:58 - INFO - Finished
03-Apr-23 07:08:02 - INFO - Starting
03-Apr-23 07:08:03 - INFO - Got weather for 44.826248, -93.303864 => 200
03-Apr-23 07:08:04 - INFO - Sent email to russ.eby@live.com
03-Apr-23 07:08:04 - INFO - Finished
04-Apr-23 07:07:30 - INFO - Starting
04-Apr-23 07:07:30 - INFO - Got weather for 44.826248, -93.303864 => 200
04-Apr-23 07:07:31 - INFO - Sent email to russ.eby@live.com
04-Apr-23 07:07:31 - INFO - Finished
05-Apr-23 07:08:09 - INFO - Starting
05-Apr-23 07:08:10 - INFO - Got weather for 44.826248, -93.303864 => 200
05-Apr-23 07:08:11 - INFO - Sent email to russ.eby@live.com
05-Apr-23 07:08:11 - INFO - Finished
06-Apr-23 07:07:31 - INFO - Starting
06-Apr-23 07:07:31 - INFO - Got weather for 44.826248, -93.303864 => 200
06-Apr-23 07:07:33 - INFO - Sent email to russ.eby@live.com
06-Apr-23 07:07:33 - INFO - Finished
